{
  "0 debug pnpm:scope": {
    "selected": 1,
    "workspacePrefix": "/Users/weiyafei/Documents/魏亚飞/vite/vite-st"
  },
  "1 error pnpm": {
    "errno": 1,
    "code": "ELIFECYCLE",
    "pkgid": "esbuild-basic@1.0.0",
    "stage": "build",
    "script": "ts-node-esm script/build",
    "pkgname": "esbuild-basic",
    "err": {
      "name": "pnpm",
      "message": "esbuild-basic@1.0.0 build: `ts-node-esm script/build`\nExit status 1",
      "code": "ELIFECYCLE",
      "stack": "pnpm: esbuild-basic@1.0.0 build: `ts-node-esm script/build`\nExit status 1\n    at EventEmitter.<anonymous> (/usr/local/lib/node_modules/pnpm/dist/pnpm.cjs:106886:20)\n    at EventEmitter.emit (node:events:527:28)\n    at ChildProcess.<anonymous> (/usr/local/lib/node_modules/pnpm/dist/pnpm.cjs:93455:18)\n    at ChildProcess.emit (node:events:527:28)\n    at maybeClose (node:internal/child_process:1092:16)\n    at Process.ChildProcess._handle.onexit (node:internal/child_process:302:5)"
    }
  },
  "2 warn pnpm:global": " Local package.json exists, but node_modules missing, did you mean to install?"
}